21.3614 	WARNING 	User requested fullscreen with size [1536  864], but screen is actually [1920, 1080]. Using actual size
23.4922 	EXP 	Created window1 = Window(allowGUI=True, allowStencil=False, autoLog=True, backendConf=UNKNOWN, backgroundFit=<method-wrapper '__getattribute__' of attributeSetter object at 0x0000019AAB030B50>, backgroundImage=<method-wrapper '__getattribute__' of attributeSetter object at 0x0000019AAB030AF0>, bitsMode=UNKNOWN, blendMode='avg', bpc=(8, 8, 8), color=array([0, 0, 0]), colorSpace='rgb', depthBits=8, fullscr=<method-wrapper '__getattribute__' of attributeSetter object at 0x0000019AAB030910>, gamma=None, gammaErrorPolicy='raise', lms=UNKNOWN, monitor=<psychopy.monitors.calibTools.Monitor object at 0x0000019AAB281550>, multiSample=False, name='window1', numSamples=2, pos=(0, 0), screen=0, size=array([1920, 1080]), stencilBits=0, stereo=False, title='PsychoPy', units='height', useFBO=True, useRetina=False, viewOri=0.0, viewPos=None, viewScale=None, waitBlanking=True, winType='pyglet')
23.4924 	EXP 	window1: mouseVisible = True
23.4924 	EXP 	window1: backgroundImage = ''
23.4925 	EXP 	window1: backgroundFit = 'none'
23.4962 	EXP 	window1: Attempting to measure frame rate of screen (0) ...
23.4962 	EXP 	window1: recordFrameIntervals = False
23.6583 	EXP 	window1: recordFrameIntervals = True
23.8416 	EXP 	Screen (0) actual frame rate measured at 59.97Hz
23.8417 	EXP 	window1: recordFrameIntervals = False
23.8420 	EXP 	window1: mouseVisible = False
26.5991 	EXP 	signal detection final- tutorial 2: status = STARTED
26.6000 	EXP 	window1: mouseVisible = True
26.6039 	EXP 	Created fixation = ShapeStim(__class__=<class 'psychopy.visual.shape.ShapeStim'>, anchor=('center', 'center'), autoDraw=False, autoLog=True, closeShape=True, color=method-wrapper(...), colorSpace='rgb', contrast=None, depth=0.0, draggable=False, fillColor=array([1, 1, 1]), fillColorSpace='rgb', fillRGB=array([1, 1, 1]), interpolate=True, lineColor=array([1., 1., 1.]), lineColorSpace='rgb', lineRGB=array([1, 1, 1]), lineWidth=1.0, name='fixation', opacity=1.0, ori=0.0, pos=array([0., 0.]), size=array([10., 10.]), units='height', vertices=ndarray(...), win=Window(...), windingRule=None)
26.6041 	EXP 	window1: mouseVisible = True
26.6093 	EXP 	Created grating = GratingStim(__class__=<class 'psychopy.visual.grating.GratingStim'>, anchor='center', autoDraw=False, autoLog=True, blendmode='avg', color=array([0.3, 0.3, 0.3]), colorSpace='rgb', contrast=0.3, depth=-1.0, draggable=False, interpolate=True, mask='gauss', maskParams=None, name='grating', opacity=1.0, ori=1.0, phase=array([0., 0.]), pos=array([0., 0.]), rgbPedestal=array([0., 0., 0.]), sf=array([5., 5.]), size=array([0.2, 0.2]), tex='sin', texRes=128.0, units='height', win=Window(...))
0.0059 	EXP 	Created sequence: random, trialTypes=1, nReps=200, seed=None
0.0066 	EXP 	New trial (rep=0, index=0): None
0.0143 	EXP 	grating: ori = 1.0
0.0143 	EXP 	fixation: autoDraw = True
1.0554 	EXP 	grating: autoDraw = True
1.0554 	EXP 	grating: tex = 'sin'
1.0582 	EXP 	fixation: autoDraw = False
1.3598 	EXP 	grating: autoDraw = False
2.1340 	EXP 	New trial (rep=1, index=0): None
2.1364 	DATA 	Keypress: down
2.1447 	EXP 	fixation: autoDraw = False
2.1447 	EXP 	grating: autoDraw = False
2.1447 	EXP 	grating: ori = 0.0
2.1447 	EXP 	fixation: autoDraw = True
3.1409 	EXP 	fixation: autoDraw = False
3.1409 	EXP 	grating: autoDraw = True
3.4409 	EXP 	grating: autoDraw = False
3.9969 	EXP 	New trial (rep=2, index=0): None
3.9989 	DATA 	Keypress: up
4.0099 	EXP 	fixation: autoDraw = False
4.0099 	EXP 	grating: autoDraw = False
4.0099 	EXP 	grating: ori = 0.0
4.0099 	EXP 	fixation: autoDraw = True
5.0065 	EXP 	fixation: autoDraw = False
5.0065 	EXP 	grating: autoDraw = True
5.3062 	EXP 	grating: autoDraw = False
5.5438 	EXP 	New trial (rep=3, index=0): None
5.5458 	DATA 	Keypress: up
5.5587 	EXP 	fixation: autoDraw = False
5.5587 	EXP 	grating: autoDraw = False
5.5587 	EXP 	grating: ori = 0.0
5.5587 	EXP 	fixation: autoDraw = True
6.5552 	EXP 	fixation: autoDraw = False
6.5552 	EXP 	grating: autoDraw = True
6.8549 	EXP 	grating: autoDraw = False
7.0610 	EXP 	New trial (rep=4, index=0): None
7.0629 	DATA 	Keypress: up
7.0741 	EXP 	fixation: autoDraw = False
7.0741 	EXP 	grating: autoDraw = False
7.0741 	EXP 	grating: ori = -4.0
7.0741 	EXP 	fixation: autoDraw = True
8.0704 	EXP 	fixation: autoDraw = False
8.0704 	EXP 	grating: autoDraw = True
8.3696 	EXP 	grating: autoDraw = False
8.6595 	EXP 	New trial (rep=5, index=0): None
8.6621 	DATA 	Keypress: down
8.6726 	EXP 	fixation: autoDraw = False
8.6726 	EXP 	grating: autoDraw = False
8.6726 	EXP 	grating: ori = 0.0
8.6726 	EXP 	fixation: autoDraw = True
9.6691 	EXP 	fixation: autoDraw = False
9.6691 	EXP 	grating: autoDraw = True
9.9686 	EXP 	grating: autoDraw = False
10.3733 	EXP 	New trial (rep=6, index=0): None
10.3749 	DATA 	Keypress: up
10.3877 	EXP 	fixation: autoDraw = False
10.3877 	EXP 	grating: autoDraw = False
10.3877 	EXP 	grating: ori = -2.0
10.3877 	EXP 	fixation: autoDraw = True
11.3843 	EXP 	fixation: autoDraw = False
11.3843 	EXP 	grating: autoDraw = True
11.6839 	EXP 	grating: autoDraw = False
11.9724 	EXP 	New trial (rep=7, index=0): None
11.9763 	DATA 	Keypress: down
11.9857 	EXP 	fixation: autoDraw = False
11.9857 	EXP 	grating: autoDraw = False
11.9857 	EXP 	grating: ori = 0.0
11.9857 	EXP 	fixation: autoDraw = True
12.9825 	EXP 	fixation: autoDraw = False
12.9825 	EXP 	grating: autoDraw = True
13.2824 	EXP 	grating: autoDraw = False
13.7223 	EXP 	New trial (rep=8, index=0): None
13.7279 	DATA 	Keypress: up
13.7349 	EXP 	fixation: autoDraw = False
13.7349 	EXP 	grating: autoDraw = False
13.7349 	EXP 	grating: ori = -2.0
13.7349 	EXP 	fixation: autoDraw = True
14.7314 	EXP 	fixation: autoDraw = False
14.7314 	EXP 	grating: autoDraw = True
15.0309 	EXP 	grating: autoDraw = False
15.3539 	EXP 	New trial (rep=9, index=0): None
15.3570 	DATA 	Keypress: down
15.3668 	EXP 	fixation: autoDraw = False
15.3668 	EXP 	grating: autoDraw = False
15.3668 	EXP 	grating: ori = -4.0
15.3668 	EXP 	fixation: autoDraw = True
16.3658 	EXP 	grating: autoDraw = True
16.3795 	EXP 	fixation: autoDraw = False
16.6796 	EXP 	grating: autoDraw = False
16.8362 	EXP 	New trial (rep=10, index=0): None
16.8391 	DATA 	Keypress: down
16.8492 	EXP 	fixation: autoDraw = False
16.8492 	EXP 	grating: autoDraw = False
16.8492 	EXP 	grating: ori = 0.0
16.8492 	EXP 	fixation: autoDraw = True
17.8451 	EXP 	fixation: autoDraw = False
17.8451 	EXP 	grating: autoDraw = True
18.1447 	EXP 	grating: autoDraw = False
18.5682 	EXP 	New trial (rep=11, index=0): None
18.5711 	DATA 	Keypress: up
18.5803 	EXP 	fixation: autoDraw = False
18.5803 	EXP 	grating: autoDraw = False
18.5803 	EXP 	grating: ori = 0.0
18.5803 	EXP 	fixation: autoDraw = True
19.5770 	EXP 	fixation: autoDraw = False
19.5770 	EXP 	grating: autoDraw = True
19.8768 	EXP 	grating: autoDraw = False
20.0972 	DATA 	Keypress: up
20.1162 	EXP 	New trial (rep=12, index=0): None
20.1294 	EXP 	fixation: autoDraw = False
20.1294 	EXP 	grating: autoDraw = False
20.1294 	EXP 	grating: ori = 0.0
20.1294 	EXP 	fixation: autoDraw = True
21.1256 	EXP 	fixation: autoDraw = False
21.1256 	EXP 	grating: autoDraw = True
21.4254 	EXP 	grating: autoDraw = False
21.6818 	EXP 	New trial (rep=13, index=0): None
21.6840 	DATA 	Keypress: up
21.6949 	EXP 	fixation: autoDraw = False
21.6949 	EXP 	grating: autoDraw = False
21.6949 	EXP 	grating: ori = 0.0
21.6949 	EXP 	fixation: autoDraw = True
22.6943 	EXP 	grating: autoDraw = True
22.7080 	EXP 	fixation: autoDraw = False
23.0074 	EXP 	grating: autoDraw = False
23.1765 	DATA 	Keypress: up
23.1966 	EXP 	New trial (rep=14, index=0): None
23.2102 	EXP 	fixation: autoDraw = False
23.2102 	EXP 	grating: autoDraw = False
23.2102 	EXP 	grating: ori = 0.0
23.2102 	EXP 	fixation: autoDraw = True
24.2093 	EXP 	grating: autoDraw = True
24.2231 	EXP 	fixation: autoDraw = False
24.5226 	EXP 	grating: autoDraw = False
24.8290 	EXP 	New trial (rep=15, index=0): None
24.8311 	DATA 	Keypress: up
24.8418 	EXP 	fixation: autoDraw = False
24.8418 	EXP 	grating: autoDraw = False
24.8418 	EXP 	grating: ori = 0.0
24.8418 	EXP 	fixation: autoDraw = True
25.8383 	EXP 	fixation: autoDraw = False
25.8383 	EXP 	grating: autoDraw = True
26.1380 	EXP 	grating: autoDraw = False
26.3109 	EXP 	New trial (rep=16, index=0): None
26.3130 	DATA 	Keypress: up
26.3238 	EXP 	fixation: autoDraw = False
26.3238 	EXP 	grating: autoDraw = False
26.3238 	EXP 	grating: ori = 0.0
26.3238 	EXP 	fixation: autoDraw = True
27.3202 	EXP 	fixation: autoDraw = False
27.3202 	EXP 	grating: autoDraw = True
27.6199 	EXP 	grating: autoDraw = False
27.9436 	EXP 	New trial (rep=17, index=0): None
27.9467 	DATA 	Keypress: up
27.9563 	EXP 	fixation: autoDraw = False
27.9563 	EXP 	grating: autoDraw = False
27.9563 	EXP 	grating: ori = -1.0
27.9563 	EXP 	fixation: autoDraw = True
28.9522 	EXP 	fixation: autoDraw = False
28.9522 	EXP 	grating: autoDraw = True
29.2522 	EXP 	grating: autoDraw = False
29.6414 	EXP 	New trial (rep=18, index=0): None
29.6443 	DATA 	Keypress: down
29.6543 	EXP 	fixation: autoDraw = False
29.6543 	EXP 	grating: autoDraw = False
29.6543 	EXP 	grating: ori = 1.0
29.6543 	EXP 	fixation: autoDraw = True
30.6510 	EXP 	fixation: autoDraw = False
30.6510 	EXP 	grating: autoDraw = True
30.9504 	EXP 	grating: autoDraw = False
31.4060 	EXP 	New trial (rep=19, index=0): None
31.4079 	DATA 	Keypress: up
31.4191 	EXP 	fixation: autoDraw = False
31.4191 	EXP 	grating: autoDraw = False
31.4191 	EXP 	grating: ori = 0.0
31.4191 	EXP 	fixation: autoDraw = True
32.4157 	EXP 	fixation: autoDraw = False
32.4157 	EXP 	grating: autoDraw = True
32.7154 	EXP 	grating: autoDraw = False
33.0379 	EXP 	New trial (rep=20, index=0): None
33.0401 	DATA 	Keypress: up
33.0513 	EXP 	fixation: autoDraw = False
33.0513 	EXP 	grating: autoDraw = False
33.0513 	EXP 	grating: ori = 0.0
33.0513 	EXP 	fixation: autoDraw = True
34.0477 	EXP 	fixation: autoDraw = False
34.0477 	EXP 	grating: autoDraw = True
34.3475 	EXP 	grating: autoDraw = False
34.7534 	EXP 	New trial (rep=21, index=0): None
34.7557 	DATA 	Keypress: down
34.7668 	EXP 	fixation: autoDraw = False
34.7668 	EXP 	grating: autoDraw = False
34.7668 	EXP 	grating: ori = 0.0
34.7668 	EXP 	fixation: autoDraw = True
35.7662 	EXP 	grating: autoDraw = True
35.7796 	EXP 	fixation: autoDraw = False
36.0794 	EXP 	grating: autoDraw = False
36.5677 	EXP 	New trial (rep=22, index=0): None
36.5703 	DATA 	Keypress: up
36.5819 	EXP 	fixation: autoDraw = False
36.5819 	EXP 	grating: autoDraw = False
36.5819 	EXP 	grating: ori = 0.0
36.5819 	EXP 	fixation: autoDraw = True
37.5781 	EXP 	fixation: autoDraw = False
37.5781 	EXP 	grating: autoDraw = True
37.8775 	EXP 	grating: autoDraw = False
38.3666 	EXP 	New trial (rep=23, index=0): None
38.3686 	DATA 	Keypress: up
38.3800 	EXP 	fixation: autoDraw = False
38.3800 	EXP 	grating: autoDraw = False
38.3800 	EXP 	grating: ori = -4.0
38.3800 	EXP 	fixation: autoDraw = True
39.3765 	EXP 	fixation: autoDraw = False
39.3765 	EXP 	grating: autoDraw = True
39.6763 	EXP 	grating: autoDraw = False
39.9637 	EXP 	New trial (rep=24, index=0): None
39.9649 	DATA 	Keypress: down
39.9788 	EXP 	fixation: autoDraw = False
39.9788 	EXP 	grating: autoDraw = False
39.9788 	EXP 	grating: ori = 0.0
39.9788 	EXP 	fixation: autoDraw = True
40.9752 	EXP 	fixation: autoDraw = False
40.9752 	EXP 	grating: autoDraw = True
41.2747 	EXP 	grating: autoDraw = False
41.7643 	EXP 	New trial (rep=25, index=0): None
41.7664 	DATA 	Keypress: up
41.7771 	EXP 	fixation: autoDraw = False
41.7771 	EXP 	grating: autoDraw = False
41.7771 	EXP 	grating: ori = 0.0
41.7771 	EXP 	fixation: autoDraw = True
42.7738 	EXP 	fixation: autoDraw = False
42.7738 	EXP 	grating: autoDraw = True
43.0734 	EXP 	grating: autoDraw = False
43.4421 	EXP 	New trial (rep=26, index=0): None
43.4434 	DATA 	Keypress: up
43.4591 	EXP 	fixation: autoDraw = False
43.4591 	EXP 	grating: autoDraw = False
43.4591 	EXP 	grating: ori = 0.0
43.4591 	EXP 	fixation: autoDraw = True
44.4417 	EXP 	grating: autoDraw = True
44.4554 	EXP 	fixation: autoDraw = False
44.7552 	EXP 	grating: autoDraw = False
44.9602 	EXP 	New trial (rep=27, index=0): None
44.9619 	DATA 	Keypress: up
44.9747 	EXP 	fixation: autoDraw = False
44.9747 	EXP 	grating: autoDraw = False
44.9747 	EXP 	grating: ori = 0.0
44.9747 	EXP 	fixation: autoDraw = True
45.9704 	EXP 	fixation: autoDraw = False
45.9704 	EXP 	grating: autoDraw = True
46.2705 	EXP 	grating: autoDraw = False
46.4930 	EXP 	New trial (rep=28, index=0): None
46.4950 	DATA 	Keypress: down
46.5063 	EXP 	fixation: autoDraw = False
46.5063 	EXP 	grating: autoDraw = False
46.5063 	EXP 	grating: ori = 0.0
46.5063 	EXP 	fixation: autoDraw = True
47.5027 	EXP 	fixation: autoDraw = False
47.5027 	EXP 	grating: autoDraw = True
47.8025 	EXP 	grating: autoDraw = False
48.0903 	EXP 	New trial (rep=29, index=0): None
48.0922 	DATA 	Keypress: up
48.1048 	EXP 	fixation: autoDraw = False
48.1048 	EXP 	grating: autoDraw = False
48.1048 	EXP 	grating: ori = -4.0
48.1048 	EXP 	fixation: autoDraw = True
49.1013 	EXP 	fixation: autoDraw = False
49.1013 	EXP 	grating: autoDraw = True
49.4011 	EXP 	grating: autoDraw = False
49.6701 	EXP 	New trial (rep=30, index=0): None
49.6715 	DATA 	Keypress: down
49.6868 	EXP 	fixation: autoDraw = False
49.6868 	EXP 	grating: autoDraw = False
49.6868 	EXP 	grating: ori = 3.0
49.6868 	EXP 	fixation: autoDraw = True
50.6695 	EXP 	grating: autoDraw = True
50.6832 	EXP 	fixation: autoDraw = False
50.9828 	EXP 	grating: autoDraw = False
51.2562 	EXP 	New trial (rep=31, index=0): None
51.2590 	DATA 	Keypress: down
51.2688 	EXP 	fixation: autoDraw = False
51.2688 	EXP 	grating: autoDraw = False
51.2688 	EXP 	grating: ori = 0.0
51.2688 	EXP 	fixation: autoDraw = True
52.2653 	EXP 	fixation: autoDraw = False
52.2653 	EXP 	grating: autoDraw = True
52.5650 	EXP 	grating: autoDraw = False
52.9003 	DATA 	Keypress: up
52.9204 	EXP 	New trial (rep=32, index=0): None
52.9338 	EXP 	fixation: autoDraw = False
52.9338 	EXP 	grating: autoDraw = False
52.9338 	EXP 	grating: ori = 0.0
52.9338 	EXP 	fixation: autoDraw = True
53.9303 	EXP 	fixation: autoDraw = False
53.9303 	EXP 	grating: autoDraw = True
54.2300 	EXP 	grating: autoDraw = False
54.4680 	EXP 	New trial (rep=33, index=0): None
54.4696 	DATA 	Keypress: up
54.4825 	EXP 	fixation: autoDraw = False
54.4825 	EXP 	grating: autoDraw = False
54.4825 	EXP 	grating: ori = 0.0
54.4825 	EXP 	fixation: autoDraw = True
55.4785 	EXP 	fixation: autoDraw = False
55.4785 	EXP 	grating: autoDraw = True
55.7784 	EXP 	grating: autoDraw = False
56.0318 	EXP 	New trial (rep=34, index=0): None
56.0340 	DATA 	Keypress: up
56.0478 	EXP 	fixation: autoDraw = False
56.0478 	EXP 	grating: autoDraw = False
56.0478 	EXP 	grating: ori = -2.0
56.0478 	EXP 	fixation: autoDraw = True
57.0305 	EXP 	grating: autoDraw = True
57.0441 	EXP 	fixation: autoDraw = False
57.3438 	EXP 	grating: autoDraw = False
57.6138 	EXP 	New trial (rep=35, index=0): None
57.6154 	DATA 	Keypress: down
57.6304 	EXP 	fixation: autoDraw = False
57.6304 	EXP 	grating: autoDraw = False
57.6304 	EXP 	grating: ori = 0.0
57.6304 	EXP 	fixation: autoDraw = True
58.6125 	EXP 	grating: autoDraw = True
58.6427 	EXP 	fixation: autoDraw = False
58.9256 	EXP 	grating: autoDraw = False
59.1456 	EXP 	New trial (rep=36, index=0): None
59.1472 	DATA 	Keypress: up
59.1625 	EXP 	fixation: autoDraw = False
59.1625 	EXP 	grating: autoDraw = False
59.1625 	EXP 	grating: ori = -1.0
59.1625 	EXP 	fixation: autoDraw = True
60.1449 	EXP 	grating: autoDraw = True
60.1580 	EXP 	fixation: autoDraw = False
60.4576 	EXP 	grating: autoDraw = False
60.7128 	EXP 	New trial (rep=37, index=0): None
60.7148 	DATA 	Keypress: down
60.7269 	EXP 	fixation: autoDraw = False
60.7269 	EXP 	grating: autoDraw = False
60.7269 	EXP 	grating: ori = 0.0
60.7269 	EXP 	fixation: autoDraw = True
61.7231 	EXP 	fixation: autoDraw = False
61.7231 	EXP 	grating: autoDraw = True
62.0229 	EXP 	grating: autoDraw = False
62.5099 	EXP 	New trial (rep=38, index=0): None
62.5120 	DATA 	Keypress: up
62.5262 	EXP 	fixation: autoDraw = False
62.5262 	EXP 	grating: autoDraw = False
62.5262 	EXP 	grating: ori = 0.0
62.5262 	EXP 	fixation: autoDraw = True
63.5246 	EXP 	grating: autoDraw = True
63.5385 	EXP 	fixation: autoDraw = False
63.8385 	EXP 	grating: autoDraw = False
64.6747 	EXP 	New trial (rep=39, index=0): None
64.6768 	DATA 	Keypress: up
64.6907 	EXP 	fixation: autoDraw = False
64.6907 	EXP 	grating: autoDraw = False
64.6907 	EXP 	grating: ori = 1.0
64.6907 	EXP 	fixation: autoDraw = True
65.6735 	EXP 	grating: autoDraw = True
65.6868 	EXP 	fixation: autoDraw = False
65.9863 	EXP 	grating: autoDraw = False
66.6065 	EXP 	New trial (rep=40, index=0): None
66.6082 	DATA 	Keypress: down
66.6218 	EXP 	fixation: autoDraw = False
66.6218 	EXP 	grating: autoDraw = False
66.6218 	EXP 	grating: ori = 2.0
66.6218 	EXP 	fixation: autoDraw = True
67.6048 	EXP 	grating: autoDraw = True
67.6180 	EXP 	fixation: autoDraw = False
67.9177 	EXP 	grating: autoDraw = False
68.1881 	EXP 	New trial (rep=41, index=0): None
68.1902 	DATA 	Keypress: down
68.2041 	EXP 	fixation: autoDraw = False
68.2041 	EXP 	grating: autoDraw = False
68.2041 	EXP 	grating: ori = 4.0
68.2041 	EXP 	fixation: autoDraw = True
69.1866 	EXP 	grating: autoDraw = True
69.2001 	EXP 	fixation: autoDraw = False
69.4997 	EXP 	grating: autoDraw = False
69.5872 	EXP 	New trial (rep=42, index=0): None
69.5891 	DATA 	Keypress: down
69.6032 	EXP 	fixation: autoDraw = False
69.6032 	EXP 	grating: autoDraw = False
69.6032 	EXP 	grating: ori = 3.0
69.6032 	EXP 	fixation: autoDraw = True
70.5857 	EXP 	grating: autoDraw = True
70.5988 	EXP 	fixation: autoDraw = False
70.8984 	EXP 	grating: autoDraw = False
71.0010 	EXP 	New trial (rep=43, index=0): None
71.0023 	DATA 	Keypress: down
71.0176 	EXP 	fixation: autoDraw = False
71.0176 	EXP 	grating: autoDraw = False
71.0176 	EXP 	grating: ori = 0.0
71.0176 	EXP 	fixation: autoDraw = True
72.0001 	EXP 	grating: autoDraw = True
72.0143 	EXP 	fixation: autoDraw = False
72.3137 	EXP 	grating: autoDraw = False
72.6195 	EXP 	New trial (rep=44, index=0): None
72.6220 	DATA 	Keypress: up
72.6339 	EXP 	fixation: autoDraw = False
72.6339 	EXP 	grating: autoDraw = False
72.6339 	EXP 	grating: ori = 0.0
72.6339 	EXP 	fixation: autoDraw = True
73.6160 	EXP 	grating: autoDraw = True
73.6461 	EXP 	fixation: autoDraw = False
73.9293 	EXP 	grating: autoDraw = False
74.1154 	EXP 	New trial (rep=45, index=0): None
74.1166 	DATA 	Keypress: up
74.1327 	EXP 	fixation: autoDraw = False
74.1327 	EXP 	grating: autoDraw = False
74.1327 	EXP 	grating: ori = -1.0
74.1327 	EXP 	fixation: autoDraw = True
75.1150 	EXP 	grating: autoDraw = True
75.1450 	EXP 	fixation: autoDraw = False
75.4278 	EXP 	grating: autoDraw = False
75.8969 	EXP 	New trial (rep=46, index=0): None
75.8983 	DATA 	Keypress: down
75.9136 	EXP 	fixation: autoDraw = False
75.9136 	EXP 	grating: autoDraw = False
75.9136 	EXP 	grating: ori = 0.0
75.9136 	EXP 	fixation: autoDraw = True
76.8966 	EXP 	grating: autoDraw = True
76.9100 	EXP 	fixation: autoDraw = False
77.2096 	EXP 	grating: autoDraw = False
77.7304 	EXP 	New trial (rep=47, index=0): None
77.7322 	DATA 	Keypress: up
77.7456 	EXP 	fixation: autoDraw = False
77.7456 	EXP 	grating: autoDraw = False
77.7456 	EXP 	grating: ori = -1.0
77.7456 	EXP 	fixation: autoDraw = True
78.7452 	EXP 	grating: autoDraw = True
78.7593 	EXP 	fixation: autoDraw = False
79.0579 	EXP 	grating: autoDraw = False
79.2614 	EXP 	New trial (rep=48, index=0): None
79.2629 	DATA 	Keypress: up
79.2773 	EXP 	fixation: autoDraw = False
79.2773 	EXP 	grating: autoDraw = False
79.2773 	EXP 	grating: ori = 3.0
79.2773 	EXP 	fixation: autoDraw = True
80.2619 	EXP 	grating: autoDraw = True
80.2737 	EXP 	fixation: autoDraw = False
80.5734 	EXP 	grating: autoDraw = False
80.8669 	EXP 	New trial (rep=49, index=0): None
80.8684 	DATA 	Keypress: down
80.8766 	EXP 	fixation: autoDraw = False
80.8766 	EXP 	grating: autoDraw = False
80.8766 	EXP 	grating: ori = 0.0
80.8766 	EXP 	fixation: autoDraw = True
81.8754 	EXP 	grating: autoDraw = True
81.8890 	EXP 	fixation: autoDraw = False
82.1887 	EXP 	grating: autoDraw = False
82.3746 	EXP 	New trial (rep=50, index=0): None
82.3759 	DATA 	Keypress: up
82.3913 	EXP 	fixation: autoDraw = False
82.3913 	EXP 	grating: autoDraw = False
82.3913 	EXP 	grating: ori = -2.0
82.3913 	EXP 	fixation: autoDraw = True
83.3743 	EXP 	grating: autoDraw = True
83.3882 	EXP 	fixation: autoDraw = False
83.6879 	EXP 	grating: autoDraw = False
84.0585 	EXP 	New trial (rep=51, index=0): None
84.0607 	DATA 	Keypress: down
84.0738 	EXP 	fixation: autoDraw = False
84.0738 	EXP 	grating: autoDraw = False
84.0738 	EXP 	grating: ori = 0.0
84.0738 	EXP 	fixation: autoDraw = True
85.0729 	EXP 	grating: autoDraw = True
85.0868 	EXP 	fixation: autoDraw = False
85.3865 	EXP 	grating: autoDraw = False
85.6765 	EXP 	New trial (rep=52, index=0): None
85.6796 	DATA 	Keypress: up
85.6892 	EXP 	fixation: autoDraw = False
85.6892 	EXP 	grating: autoDraw = False
85.6892 	EXP 	grating: ori = 0.0
85.6892 	EXP 	fixation: autoDraw = True
86.6852 	EXP 	fixation: autoDraw = False
86.6852 	EXP 	grating: autoDraw = True
86.9850 	EXP 	grating: autoDraw = False
87.2879 	EXP 	New trial (rep=53, index=0): None
87.2893 	DATA 	Keypress: up
87.3043 	EXP 	fixation: autoDraw = False
87.3043 	EXP 	grating: autoDraw = False
87.3043 	EXP 	grating: ori = 0.0
87.3043 	EXP 	fixation: autoDraw = True
88.2868 	EXP 	grating: autoDraw = True
88.3005 	EXP 	fixation: autoDraw = False
88.6001 	EXP 	grating: autoDraw = False
89.0561 	EXP 	New trial (rep=54, index=0): None
89.0576 	DATA 	Keypress: up
89.0694 	EXP 	fixation: autoDraw = False
89.0694 	EXP 	grating: autoDraw = False
89.0694 	EXP 	grating: ori = 0.0
89.0694 	EXP 	fixation: autoDraw = True
90.0686 	EXP 	grating: autoDraw = True
90.0818 	EXP 	fixation: autoDraw = False
90.3815 	EXP 	grating: autoDraw = False
90.6847 	EXP 	New trial (rep=55, index=0): None
90.6860 	DATA 	Keypress: up
90.7003 	EXP 	fixation: autoDraw = False
90.7003 	EXP 	grating: autoDraw = False
90.7003 	EXP 	grating: ori = 2.0
90.7003 	EXP 	fixation: autoDraw = True
91.6840 	EXP 	grating: autoDraw = True
91.6971 	EXP 	fixation: autoDraw = False
91.9968 	EXP 	grating: autoDraw = False
92.2697 	EXP 	New trial (rep=56, index=0): None
92.2718 	DATA 	Keypress: down
92.2830 	EXP 	fixation: autoDraw = False
92.2830 	EXP 	grating: autoDraw = False
92.2830 	EXP 	grating: ori = 0.0
92.2830 	EXP 	fixation: autoDraw = True
93.2796 	EXP 	fixation: autoDraw = False
93.2796 	EXP 	grating: autoDraw = True
93.5788 	EXP 	grating: autoDraw = False
94.0479 	EXP 	New trial (rep=57, index=0): None
94.0501 	DATA 	Keypress: up
94.0645 	EXP 	fixation: autoDraw = False
94.0645 	EXP 	grating: autoDraw = False
94.0645 	EXP 	grating: ori = -2.0
94.0645 	EXP 	fixation: autoDraw = True
95.0473 	EXP 	grating: autoDraw = True
95.0609 	EXP 	fixation: autoDraw = False
95.3607 	EXP 	grating: autoDraw = False
95.5973 	EXP 	New trial (rep=58, index=0): None
95.5991 	DATA 	Keypress: down
95.6134 	EXP 	fixation: autoDraw = False
95.6134 	EXP 	grating: autoDraw = False
95.6134 	EXP 	grating: ori = -4.0
95.6134 	EXP 	fixation: autoDraw = True
96.5965 	EXP 	grating: autoDraw = True
96.6096 	EXP 	fixation: autoDraw = False
96.9094 	EXP 	grating: autoDraw = False
97.0625 	EXP 	New trial (rep=59, index=0): None
97.0639 	DATA 	Keypress: down
97.0790 	EXP 	fixation: autoDraw = False
97.0790 	EXP 	grating: autoDraw = False
97.0790 	EXP 	grating: ori = -3.0
97.0790 	EXP 	fixation: autoDraw = True
98.0617 	EXP 	grating: autoDraw = True
98.0749 	EXP 	fixation: autoDraw = False
98.3747 	EXP 	grating: autoDraw = False
98.5279 	EXP 	New trial (rep=60, index=0): None
98.5291 	DATA 	Keypress: down
98.5442 	EXP 	fixation: autoDraw = False
98.5442 	EXP 	grating: autoDraw = False
98.5442 	EXP 	grating: ori = 0.0
98.5442 	EXP 	fixation: autoDraw = True
99.5269 	EXP 	grating: autoDraw = True
99.5406 	EXP 	fixation: autoDraw = False
99.8405 	EXP 	grating: autoDraw = False
100.2442 	EXP 	New trial (rep=61, index=0): None
100.2460 	DATA 	Keypress: up
100.2593 	EXP 	fixation: autoDraw = False
100.2593 	EXP 	grating: autoDraw = False
100.2593 	EXP 	grating: ori = 3.0
100.2593 	EXP 	fixation: autoDraw = True
101.2560 	EXP 	fixation: autoDraw = False
101.2560 	EXP 	grating: autoDraw = True
101.5558 	EXP 	grating: autoDraw = False
101.9619 	EXP 	New trial (rep=62, index=0): None
101.9641 	DATA 	Keypress: down
101.9750 	EXP 	fixation: autoDraw = False
101.9750 	EXP 	grating: autoDraw = False
101.9750 	EXP 	grating: ori = -4.0
101.9750 	EXP 	fixation: autoDraw = True
102.9741 	EXP 	grating: autoDraw = True
102.9877 	EXP 	fixation: autoDraw = False
103.2871 	EXP 	grating: autoDraw = False
103.5118 	EXP 	New trial (rep=63, index=0): None
103.5138 	DATA 	Keypress: down
103.5231 	EXP 	fixation: autoDraw = False
103.5231 	EXP 	grating: autoDraw = False
103.5231 	EXP 	grating: ori = -5.0
103.5231 	EXP 	fixation: autoDraw = True
104.5198 	EXP 	fixation: autoDraw = False
104.5198 	EXP 	grating: autoDraw = True
104.8193 	EXP 	grating: autoDraw = False
105.0262 	EXP 	New trial (rep=64, index=0): None
105.0287 	DATA 	Keypress: down
105.0383 	EXP 	fixation: autoDraw = False
105.0383 	EXP 	grating: autoDraw = False
105.0383 	EXP 	grating: ori = 0.0
105.0383 	EXP 	fixation: autoDraw = True
106.0350 	EXP 	fixation: autoDraw = False
106.0350 	EXP 	grating: autoDraw = True
106.3347 	EXP 	grating: autoDraw = False
106.7214 	EXP 	New trial (rep=65, index=0): None
106.7234 	DATA 	Keypress: up
106.7369 	EXP 	fixation: autoDraw = False
106.7369 	EXP 	grating: autoDraw = False
106.7369 	EXP 	grating: ori = -1.0
106.7369 	EXP 	fixation: autoDraw = True
107.7336 	EXP 	fixation: autoDraw = False
107.7336 	EXP 	grating: autoDraw = True
108.0333 	EXP 	grating: autoDraw = False
108.2716 	EXP 	New trial (rep=66, index=0): None
108.2735 	DATA 	Keypress: down
108.2856 	EXP 	fixation: autoDraw = False
108.2856 	EXP 	grating: autoDraw = False
108.2856 	EXP 	grating: ori = 1.0
108.2856 	EXP 	fixation: autoDraw = True
109.2822 	EXP 	fixation: autoDraw = False
109.2822 	EXP 	grating: autoDraw = True
109.5818 	EXP 	grating: autoDraw = False
109.8553 	EXP 	New trial (rep=67, index=0): None
109.8578 	DATA 	Keypress: down
109.8676 	EXP 	fixation: autoDraw = False
109.8676 	EXP 	grating: autoDraw = False
109.8676 	EXP 	grating: ori = 0.0
109.8676 	EXP 	fixation: autoDraw = True
110.8643 	EXP 	fixation: autoDraw = False
110.8643 	EXP 	grating: autoDraw = True
111.1639 	EXP 	grating: autoDraw = False
111.4992 	EXP 	New trial (rep=68, index=0): None
111.5004 	DATA 	Keypress: down
111.5164 	EXP 	fixation: autoDraw = False
111.5164 	EXP 	grating: autoDraw = False
111.5164 	EXP 	grating: ori = 0.0
111.5164 	EXP 	fixation: autoDraw = True
112.4990 	EXP 	grating: autoDraw = True
112.5127 	EXP 	fixation: autoDraw = False
112.8125 	EXP 	grating: autoDraw = False
113.2015 	EXP 	New trial (rep=69, index=0): None
113.2033 	DATA 	Keypress: up
113.2148 	EXP 	fixation: autoDraw = False
113.2148 	EXP 	grating: autoDraw = False
113.2148 	EXP 	grating: ori = 4.0
113.2148 	EXP 	fixation: autoDraw = True
114.2112 	EXP 	fixation: autoDraw = False
114.2112 	EXP 	grating: autoDraw = True
114.5111 	EXP 	grating: autoDraw = False
114.7009 	EXP 	New trial (rep=70, index=0): None
114.7032 	DATA 	Keypress: up
114.7135 	EXP 	fixation: autoDraw = False
114.7135 	EXP 	grating: autoDraw = False
114.7135 	EXP 	grating: ori = 0.0
114.7135 	EXP 	fixation: autoDraw = True
115.7099 	EXP 	fixation: autoDraw = False
115.7099 	EXP 	grating: autoDraw = True
116.0097 	EXP 	grating: autoDraw = False
116.2811 	EXP 	New trial (rep=71, index=0): None
116.2835 	DATA 	Keypress: down
116.2954 	EXP 	fixation: autoDraw = False
116.2954 	EXP 	grating: autoDraw = False
116.2954 	EXP 	grating: ori = 0.0
116.2954 	EXP 	fixation: autoDraw = True
117.2920 	EXP 	fixation: autoDraw = False
117.2920 	EXP 	grating: autoDraw = True
117.5917 	EXP 	grating: autoDraw = False
118.6133 	EXP 	New trial (rep=72, index=0): None
118.6154 	DATA 	Keypress: down
118.6266 	EXP 	fixation: autoDraw = False
118.6266 	EXP 	grating: autoDraw = False
118.6266 	EXP 	grating: ori = -5.0
118.6266 	EXP 	fixation: autoDraw = True
119.6231 	EXP 	fixation: autoDraw = False
119.6231 	EXP 	grating: autoDraw = True
119.9230 	EXP 	grating: autoDraw = False
120.2631 	EXP 	New trial (rep=73, index=0): None
120.2659 	DATA 	Keypress: down
120.2752 	EXP 	fixation: autoDraw = False
120.2752 	EXP 	grating: autoDraw = False
120.2752 	EXP 	grating: ori = 2.0
120.2752 	EXP 	fixation: autoDraw = True
121.2716 	EXP 	fixation: autoDraw = False
121.2716 	EXP 	grating: autoDraw = True
121.5715 	EXP 	grating: autoDraw = False
121.8747 	EXP 	New trial (rep=74, index=0): None
121.8762 	DATA 	Keypress: down
121.8906 	EXP 	fixation: autoDraw = False
121.8906 	EXP 	grating: autoDraw = False
121.8906 	EXP 	grating: ori = 0.0
121.8906 	EXP 	fixation: autoDraw = True
122.8731 	EXP 	grating: autoDraw = True
122.8870 	EXP 	fixation: autoDraw = False
123.1869 	EXP 	grating: autoDraw = False
123.6271 	EXP 	New trial (rep=75, index=0): None
123.6300 	DATA 	Keypress: up
123.6391 	EXP 	fixation: autoDraw = False
123.6391 	EXP 	grating: autoDraw = False
123.6391 	EXP 	grating: ori = 0.0
123.6391 	EXP 	fixation: autoDraw = True
124.6354 	EXP 	fixation: autoDraw = False
124.6354 	EXP 	grating: autoDraw = True
124.9352 	EXP 	grating: autoDraw = False
125.1913 	EXP 	New trial (rep=76, index=0): None
125.1946 	DATA 	Keypress: up
125.2046 	EXP 	fixation: autoDraw = False
125.2046 	EXP 	grating: autoDraw = False
125.2046 	EXP 	grating: ori = 0.0
125.2046 	EXP 	fixation: autoDraw = True
126.2008 	EXP 	fixation: autoDraw = False
126.2008 	EXP 	grating: autoDraw = True
126.5006 	EXP 	grating: autoDraw = False
126.6566 	EXP 	New trial (rep=77, index=0): None
126.6586 	DATA 	Keypress: up
126.6696 	EXP 	fixation: autoDraw = False
126.6696 	EXP 	grating: autoDraw = False
126.6696 	EXP 	grating: ori = 0.0
126.6696 	EXP 	fixation: autoDraw = True
127.6661 	EXP 	fixation: autoDraw = False
127.6661 	EXP 	grating: autoDraw = True
127.9658 	EXP 	grating: autoDraw = False
128.3559 	EXP 	New trial (rep=78, index=0): None
128.3580 	DATA 	Keypress: up
128.3682 	EXP 	fixation: autoDraw = False
128.3682 	EXP 	grating: autoDraw = False
128.3682 	EXP 	grating: ori = 0.0
128.3682 	EXP 	fixation: autoDraw = True
129.3646 	EXP 	fixation: autoDraw = False
129.3646 	EXP 	grating: autoDraw = True
129.6645 	EXP 	grating: autoDraw = False
130.1186 	EXP 	New trial (rep=79, index=0): None
130.1206 	DATA 	Keypress: up
130.1334 	EXP 	fixation: autoDraw = False
130.1334 	EXP 	grating: autoDraw = False
130.1334 	EXP 	grating: ori = 0.0
130.1334 	EXP 	fixation: autoDraw = True
131.1300 	EXP 	fixation: autoDraw = False
131.1300 	EXP 	grating: autoDraw = True
131.4294 	EXP 	grating: autoDraw = False
131.6679 	EXP 	New trial (rep=80, index=0): None
131.6698 	DATA 	Keypress: up
131.6820 	EXP 	fixation: autoDraw = False
131.6820 	EXP 	grating: autoDraw = False
131.6820 	EXP 	grating: ori = -3.0
131.6820 	EXP 	fixation: autoDraw = True
132.6785 	EXP 	fixation: autoDraw = False
132.6785 	EXP 	grating: autoDraw = True
132.9782 	EXP 	grating: autoDraw = False
133.2827 	EXP 	New trial (rep=81, index=0): None
133.2851 	DATA 	Keypress: down
133.2972 	EXP 	fixation: autoDraw = False
133.2972 	EXP 	grating: autoDraw = False
133.2972 	EXP 	grating: ori = 0.0
133.2972 	EXP 	fixation: autoDraw = True
134.2940 	EXP 	fixation: autoDraw = False
134.2940 	EXP 	grating: autoDraw = True
134.5935 	EXP 	grating: autoDraw = False
135.0003 	EXP 	New trial (rep=82, index=0): None
135.0035 	DATA 	Keypress: up
135.0123 	EXP 	fixation: autoDraw = False
135.0123 	EXP 	grating: autoDraw = False
135.0123 	EXP 	grating: ori = 0.0
135.0123 	EXP 	fixation: autoDraw = True
136.0088 	EXP 	fixation: autoDraw = False
136.0088 	EXP 	grating: autoDraw = True
136.3087 	EXP 	grating: autoDraw = False
136.6944 	EXP 	New trial (rep=83, index=0): None
136.6959 	DATA 	Keypress: up
136.7112 	EXP 	fixation: autoDraw = False
136.7112 	EXP 	grating: autoDraw = False
136.7112 	EXP 	grating: ori = 1.0
136.7112 	EXP 	fixation: autoDraw = True
137.6938 	EXP 	grating: autoDraw = True
137.7073 	EXP 	fixation: autoDraw = False
138.0069 	EXP 	grating: autoDraw = False
138.2937 	EXP 	New trial (rep=84, index=0): None
138.2954 	DATA 	Keypress: up
138.3096 	EXP 	fixation: autoDraw = False
138.3096 	EXP 	grating: autoDraw = False
138.3096 	EXP 	grating: ori = 0.0
138.3096 	EXP 	fixation: autoDraw = True
139.2923 	EXP 	grating: autoDraw = True
139.3061 	EXP 	fixation: autoDraw = False
139.6058 	EXP 	grating: autoDraw = False
139.9791 	EXP 	New trial (rep=85, index=0): None
139.9812 	DATA 	Keypress: up
139.9915 	EXP 	fixation: autoDraw = False
139.9915 	EXP 	grating: autoDraw = False
139.9915 	EXP 	grating: ori = 0.0
139.9915 	EXP 	fixation: autoDraw = True
140.9881 	EXP 	fixation: autoDraw = False
140.9881 	EXP 	grating: autoDraw = True
141.2877 	EXP 	grating: autoDraw = False
141.7767 	EXP 	New trial (rep=86, index=0): None
141.7786 	DATA 	Keypress: up
141.7902 	EXP 	fixation: autoDraw = False
141.7902 	EXP 	grating: autoDraw = False
141.7902 	EXP 	grating: ori = 0.0
141.7902 	EXP 	fixation: autoDraw = True
142.7865 	EXP 	fixation: autoDraw = False
142.7865 	EXP 	grating: autoDraw = True
143.0861 	EXP 	grating: autoDraw = False
143.3924 	EXP 	New trial (rep=87, index=0): None
143.3955 	DATA 	Keypress: up
143.4052 	EXP 	fixation: autoDraw = False
143.4052 	EXP 	grating: autoDraw = False
143.4052 	EXP 	grating: ori = 0.0
143.4052 	EXP 	fixation: autoDraw = True
144.4040 	EXP 	grating: autoDraw = True
144.4180 	EXP 	fixation: autoDraw = False
144.7180 	EXP 	grating: autoDraw = False
145.0234 	EXP 	New trial (rep=88, index=0): None
145.0251 	DATA 	Keypress: up
145.0371 	EXP 	fixation: autoDraw = False
145.0371 	EXP 	grating: autoDraw = False
145.0371 	EXP 	grating: ori = -3.0
145.0371 	EXP 	fixation: autoDraw = True
146.0339 	EXP 	fixation: autoDraw = False
146.0339 	EXP 	grating: autoDraw = True
146.3334 	EXP 	grating: autoDraw = False
146.6395 	EXP 	New trial (rep=89, index=0): None
146.6419 	DATA 	Keypress: down
146.6526 	EXP 	fixation: autoDraw = False
146.6526 	EXP 	grating: autoDraw = False
146.6526 	EXP 	grating: ori = 0.0
146.6526 	EXP 	fixation: autoDraw = True
147.6489 	EXP 	fixation: autoDraw = False
147.6489 	EXP 	grating: autoDraw = True
147.9484 	EXP 	grating: autoDraw = False
148.4008 	DATA 	Keypress: up
148.4212 	EXP 	New trial (rep=90, index=0): None
148.4343 	EXP 	fixation: autoDraw = False
148.4343 	EXP 	grating: autoDraw = False
148.4343 	EXP 	grating: ori = 0.0
148.4343 	EXP 	fixation: autoDraw = True
149.4333 	EXP 	grating: autoDraw = True
149.4471 	EXP 	fixation: autoDraw = False
149.7466 	EXP 	grating: autoDraw = False
150.1028 	EXP 	New trial (rep=91, index=0): None
150.1046 	DATA 	Keypress: up
150.1163 	EXP 	fixation: autoDraw = False
150.1163 	EXP 	grating: autoDraw = False
150.1163 	EXP 	grating: ori = 1.0
150.1163 	EXP 	fixation: autoDraw = True
151.1153 	EXP 	grating: autoDraw = True
151.1292 	EXP 	fixation: autoDraw = False
151.4288 	EXP 	grating: autoDraw = False
151.6676 	EXP 	New trial (rep=92, index=0): None
151.6692 	DATA 	Keypress: up
151.6812 	EXP 	fixation: autoDraw = False
151.6812 	EXP 	grating: autoDraw = False
151.6812 	EXP 	grating: ori = 2.0
151.6812 	EXP 	fixation: autoDraw = True
152.6778 	EXP 	fixation: autoDraw = False
152.6778 	EXP 	grating: autoDraw = True
152.9776 	EXP 	grating: autoDraw = False
153.4832 	EXP 	New trial (rep=93, index=0): None
153.4853 	DATA 	Keypress: down
153.4962 	EXP 	fixation: autoDraw = False
153.4962 	EXP 	grating: autoDraw = False
153.4962 	EXP 	grating: ori = 2.0
153.4962 	EXP 	fixation: autoDraw = True
154.4928 	EXP 	fixation: autoDraw = False
154.4928 	EXP 	grating: autoDraw = True
154.7923 	EXP 	grating: autoDraw = False
154.9982 	EXP 	New trial (rep=94, index=0): None
155.0004 	DATA 	Keypress: down
155.0121 	EXP 	fixation: autoDraw = False
155.0121 	EXP 	grating: autoDraw = False
155.0121 	EXP 	grating: ori = -2.0
155.0121 	EXP 	fixation: autoDraw = True
156.0111 	EXP 	grating: autoDraw = True
156.0249 	EXP 	fixation: autoDraw = False
156.3246 	EXP 	grating: autoDraw = False
156.5643 	EXP 	New trial (rep=95, index=0): None
156.5670 	DATA 	Keypress: down
156.5776 	EXP 	fixation: autoDraw = False
156.5776 	EXP 	grating: autoDraw = False
156.5776 	EXP 	grating: ori = 2.0
156.5776 	EXP 	fixation: autoDraw = True
157.5764 	EXP 	grating: autoDraw = True
157.5900 	EXP 	fixation: autoDraw = False
157.8897 	EXP 	grating: autoDraw = False
158.3133 	EXP 	New trial (rep=96, index=0): None
158.3156 	DATA 	Keypress: up
158.3255 	EXP 	fixation: autoDraw = False
158.3255 	EXP 	grating: autoDraw = False
158.3255 	EXP 	grating: ori = -4.0
158.3255 	EXP 	fixation: autoDraw = True
159.3220 	EXP 	fixation: autoDraw = False
159.3220 	EXP 	grating: autoDraw = True
159.6215 	EXP 	grating: autoDraw = False
159.8277 	EXP 	New trial (rep=97, index=0): None
159.8297 	DATA 	Keypress: down
159.8410 	EXP 	fixation: autoDraw = False
159.8410 	EXP 	grating: autoDraw = False
159.8410 	EXP 	grating: ori = 0.0
159.8410 	EXP 	fixation: autoDraw = True
160.8374 	EXP 	fixation: autoDraw = False
160.8374 	EXP 	grating: autoDraw = True
161.1369 	EXP 	grating: autoDraw = False
161.6096 	EXP 	New trial (rep=98, index=0): None
161.6117 	DATA 	Keypress: up
161.6229 	EXP 	fixation: autoDraw = False
161.6229 	EXP 	grating: autoDraw = False
161.6229 	EXP 	grating: ori = 0.0
161.6229 	EXP 	fixation: autoDraw = True
162.6222 	EXP 	grating: autoDraw = True
162.6356 	EXP 	fixation: autoDraw = False
162.9353 	EXP 	grating: autoDraw = False
163.4913 	EXP 	New trial (rep=99, index=0): None
163.4936 	DATA 	Keypress: up
163.5045 	EXP 	fixation: autoDraw = False
163.5045 	EXP 	grating: autoDraw = False
163.5045 	EXP 	grating: ori = 4.0
163.5045 	EXP 	fixation: autoDraw = True
164.5008 	EXP 	fixation: autoDraw = False
164.5008 	EXP 	grating: autoDraw = True
164.8004 	EXP 	grating: autoDraw = False
164.9227 	EXP 	New trial (rep=100, index=0): None
164.9247 	DATA 	Keypress: down
164.9363 	EXP 	fixation: autoDraw = False
164.9363 	EXP 	grating: autoDraw = False
164.9363 	EXP 	grating: ori = -2.0
164.9363 	EXP 	fixation: autoDraw = True
165.9327 	EXP 	fixation: autoDraw = False
165.9327 	EXP 	grating: autoDraw = True
166.2321 	EXP 	grating: autoDraw = False
166.8192 	EXP 	New trial (rep=101, index=0): None
166.8211 	DATA 	Keypress: down
166.8344 	EXP 	fixation: autoDraw = False
166.8344 	EXP 	grating: autoDraw = False
166.8344 	EXP 	grating: ori = 0.0
166.8344 	EXP 	fixation: autoDraw = True
167.8175 	EXP 	grating: autoDraw = True
167.8313 	EXP 	fixation: autoDraw = False
168.1309 	EXP 	grating: autoDraw = False
168.6364 	EXP 	New trial (rep=102, index=0): None
168.6390 	DATA 	Keypress: up
168.6505 	EXP 	fixation: autoDraw = False
168.6505 	EXP 	grating: autoDraw = False
168.6505 	EXP 	grating: ori = 0.0
168.6505 	EXP 	fixation: autoDraw = True
169.6491 	EXP 	grating: autoDraw = True
169.6631 	EXP 	fixation: autoDraw = False
169.9627 	EXP 	grating: autoDraw = False
170.2986 	DATA 	Keypress: up
170.3173 	EXP 	New trial (rep=103, index=0): None
170.3316 	EXP 	fixation: autoDraw = False
170.3316 	EXP 	grating: autoDraw = False
170.3316 	EXP 	grating: ori = -2.0
170.3316 	EXP 	fixation: autoDraw = True
171.3278 	EXP 	fixation: autoDraw = False
171.3278 	EXP 	grating: autoDraw = True
171.6279 	EXP 	grating: autoDraw = False
172.2679 	EXP 	New trial (rep=104, index=0): None
172.2698 	DATA 	Keypress: down
172.2796 	EXP 	fixation: autoDraw = False
172.2796 	EXP 	grating: autoDraw = False
172.2796 	EXP 	grating: ori = 2.0
172.2796 	EXP 	fixation: autoDraw = True
173.2766 	EXP 	fixation: autoDraw = False
173.2766 	EXP 	grating: autoDraw = True
173.5761 	EXP 	grating: autoDraw = False
173.6981 	EXP 	New trial (rep=105, index=0): None
173.7001 	DATA 	Keypress: up
173.7122 	EXP 	fixation: autoDraw = False
173.7122 	EXP 	grating: autoDraw = False
173.7122 	EXP 	grating: ori = -5.0
173.7122 	EXP 	fixation: autoDraw = True
174.7085 	EXP 	fixation: autoDraw = False
174.7085 	EXP 	grating: autoDraw = True
175.0083 	EXP 	grating: autoDraw = False
175.3480 	EXP 	New trial (rep=106, index=0): None
175.3513 	DATA 	Keypress: down
175.3611 	EXP 	fixation: autoDraw = False
175.3611 	EXP 	grating: autoDraw = False
175.3611 	EXP 	grating: ori = 1.0
175.3611 	EXP 	fixation: autoDraw = True
176.3600 	EXP 	grating: autoDraw = True
176.3737 	EXP 	fixation: autoDraw = False
176.6734 	EXP 	grating: autoDraw = False
177.1795 	EXP 	New trial (rep=107, index=0): None
177.1815 	DATA 	Keypress: up
177.1926 	EXP 	fixation: autoDraw = False
177.1926 	EXP 	grating: autoDraw = False
177.1926 	EXP 	grating: ori = 0.0
177.1926 	EXP 	fixation: autoDraw = True
178.1922 	EXP 	grating: autoDraw = True
178.2059 	EXP 	fixation: autoDraw = False
178.5054 	EXP 	grating: autoDraw = False
179.0570 	DATA 	Keypress: up
179.0777 	EXP 	New trial (rep=108, index=0): None
179.0912 	EXP 	fixation: autoDraw = False
179.0912 	EXP 	grating: autoDraw = False
179.0912 	EXP 	grating: ori = 3.0
179.0912 	EXP 	fixation: autoDraw = True
180.0904 	EXP 	grating: autoDraw = True
180.1038 	EXP 	fixation: autoDraw = False
180.4036 	EXP 	grating: autoDraw = False
180.7255 	EXP 	New trial (rep=109, index=0): None
180.7274 	DATA 	Keypress: down
180.7397 	EXP 	fixation: autoDraw = False
180.7397 	EXP 	grating: autoDraw = False
180.7397 	EXP 	grating: ori = -2.0
180.7397 	EXP 	fixation: autoDraw = True
181.7358 	EXP 	fixation: autoDraw = False
181.7358 	EXP 	grating: autoDraw = True
182.0355 	EXP 	grating: autoDraw = False
182.4914 	EXP 	New trial (rep=110, index=0): None
182.4936 	DATA 	Keypress: down
182.5045 	EXP 	fixation: autoDraw = False
182.5045 	EXP 	grating: autoDraw = False
182.5045 	EXP 	grating: ori = 0.0
182.5045 	EXP 	fixation: autoDraw = True
183.5011 	EXP 	fixation: autoDraw = False
183.5011 	EXP 	grating: autoDraw = True
183.8008 	EXP 	grating: autoDraw = False
184.3921 	EXP 	New trial (rep=111, index=0): None
184.3949 	DATA 	Keypress: up
184.4032 	EXP 	fixation: autoDraw = False
184.4032 	EXP 	grating: autoDraw = False
184.4032 	EXP 	grating: ori = 0.0
184.4032 	EXP 	fixation: autoDraw = True
185.4023 	EXP 	grating: autoDraw = True
185.4160 	EXP 	fixation: autoDraw = False
185.7155 	EXP 	grating: autoDraw = False
187.6039 	EXP 	New trial (rep=112, index=0): None
187.6065 	DATA 	Keypress: down
187.6165 	EXP 	fixation: autoDraw = False
187.6165 	EXP 	grating: autoDraw = False
187.6165 	EXP 	grating: ori = 0.0
187.6165 	EXP 	fixation: autoDraw = True
188.6129 	EXP 	fixation: autoDraw = False
188.6129 	EXP 	grating: autoDraw = True
188.9127 	EXP 	grating: autoDraw = False
189.5514 	EXP 	New trial (rep=113, index=0): None
189.5533 	DATA 	Keypress: down
189.5647 	EXP 	fixation: autoDraw = False
189.5647 	EXP 	grating: autoDraw = False
189.5647 	EXP 	grating: ori = 0.0
189.5647 	EXP 	fixation: autoDraw = True
190.5618 	EXP 	fixation: autoDraw = False
190.5618 	EXP 	grating: autoDraw = True
190.8611 	EXP 	grating: autoDraw = False
191.3497 	EXP 	New trial (rep=114, index=0): None
191.3515 	DATA 	Keypress: down
191.3633 	EXP 	fixation: autoDraw = False
191.3633 	EXP 	grating: autoDraw = False
191.3633 	EXP 	grating: ori = 0.0
191.3633 	EXP 	fixation: autoDraw = True
192.3598 	EXP 	fixation: autoDraw = False
192.3598 	EXP 	grating: autoDraw = True
192.6594 	EXP 	grating: autoDraw = False
193.0154 	EXP 	New trial (rep=115, index=0): None
193.0178 	DATA 	Keypress: up
193.0289 	EXP 	fixation: autoDraw = False
193.0289 	EXP 	grating: autoDraw = False
193.0289 	EXP 	grating: ori = 0.0
193.0289 	EXP 	fixation: autoDraw = True
194.0250 	EXP 	fixation: autoDraw = False
194.0250 	EXP 	grating: autoDraw = True
194.3248 	EXP 	grating: autoDraw = False
194.6465 	EXP 	New trial (rep=116, index=0): None
194.6481 	DATA 	Keypress: up
194.6604 	EXP 	fixation: autoDraw = False
194.6604 	EXP 	grating: autoDraw = False
194.6604 	EXP 	grating: ori = 0.0
194.6604 	EXP 	fixation: autoDraw = True
195.6566 	EXP 	fixation: autoDraw = False
195.6566 	EXP 	grating: autoDraw = True
195.9563 	EXP 	grating: autoDraw = False
196.1629 	EXP 	New trial (rep=117, index=0): None
196.1660 	DATA 	Keypress: up
196.1762 	EXP 	fixation: autoDraw = False
196.1762 	EXP 	grating: autoDraw = False
196.1762 	EXP 	grating: ori = 0.0
196.1762 	EXP 	fixation: autoDraw = True
197.1751 	EXP 	grating: autoDraw = True
197.1890 	EXP 	fixation: autoDraw = False
197.4885 	EXP 	grating: autoDraw = False
197.7117 	EXP 	New trial (rep=118, index=0): None
197.7141 	DATA 	Keypress: up
197.7245 	EXP 	fixation: autoDraw = False
197.7245 	EXP 	grating: autoDraw = False
197.7245 	EXP 	grating: ori = 0.0
197.7245 	EXP 	fixation: autoDraw = True
198.7209 	EXP 	fixation: autoDraw = False
198.7209 	EXP 	grating: autoDraw = True
199.0206 	EXP 	grating: autoDraw = False
199.2768 	EXP 	New trial (rep=119, index=0): None
199.2791 	DATA 	Keypress: up
199.2898 	EXP 	fixation: autoDraw = False
199.2898 	EXP 	grating: autoDraw = False
199.2898 	EXP 	grating: ori = 0.0
199.2898 	EXP 	fixation: autoDraw = True
200.2863 	EXP 	fixation: autoDraw = False
200.2863 	EXP 	grating: autoDraw = True
200.5859 	EXP 	grating: autoDraw = False
200.8432 	EXP 	New trial (rep=120, index=0): None
200.8472 	DATA 	Keypress: up
200.8551 	EXP 	fixation: autoDraw = False
200.8551 	EXP 	grating: autoDraw = False
200.8551 	EXP 	grating: ori = 0.0
200.8551 	EXP 	fixation: autoDraw = True
201.8517 	EXP 	fixation: autoDraw = False
201.8517 	EXP 	grating: autoDraw = True
202.1511 	EXP 	grating: autoDraw = False
202.4229 	EXP 	New trial (rep=121, index=0): None
202.4250 	DATA 	Keypress: up
202.4371 	EXP 	fixation: autoDraw = False
202.4371 	EXP 	grating: autoDraw = False
202.4371 	EXP 	grating: ori = 0.0
202.4371 	EXP 	fixation: autoDraw = True
203.4337 	EXP 	fixation: autoDraw = False
203.4337 	EXP 	grating: autoDraw = True
203.7331 	EXP 	grating: autoDraw = False
203.9238 	EXP 	New trial (rep=122, index=0): None
203.9267 	DATA 	Keypress: up
203.9362 	EXP 	fixation: autoDraw = False
203.9362 	EXP 	grating: autoDraw = False
203.9362 	EXP 	grating: ori = -1.0
203.9362 	EXP 	fixation: autoDraw = True
204.9352 	EXP 	grating: autoDraw = True
204.9487 	EXP 	fixation: autoDraw = False
205.2486 	EXP 	grating: autoDraw = False
205.5212 	EXP 	New trial (rep=123, index=0): None
205.5233 	DATA 	Keypress: up
205.5342 	EXP 	fixation: autoDraw = False
205.5342 	EXP 	grating: autoDraw = False
205.5342 	EXP 	grating: ori = 0.0
205.5342 	EXP 	fixation: autoDraw = True
206.5310 	EXP 	fixation: autoDraw = False
206.5310 	EXP 	grating: autoDraw = True
206.8307 	EXP 	grating: autoDraw = False
207.1356 	EXP 	New trial (rep=124, index=0): None
207.1376 	DATA 	Keypress: up
207.1499 	EXP 	fixation: autoDraw = False
207.1499 	EXP 	grating: autoDraw = False
207.1499 	EXP 	grating: ori = 0.0
207.1499 	EXP 	fixation: autoDraw = True
208.1458 	EXP 	fixation: autoDraw = False
208.1458 	EXP 	grating: autoDraw = True
208.4454 	EXP 	grating: autoDraw = False
209.3478 	EXP 	New trial (rep=125, index=0): None
209.3496 	DATA 	Keypress: up
209.3641 	EXP 	fixation: autoDraw = False
209.3641 	EXP 	grating: autoDraw = False
209.3641 	EXP 	grating: ori = -5.0
209.3641 	EXP 	fixation: autoDraw = True
210.3470 	EXP 	grating: autoDraw = True
210.3609 	EXP 	fixation: autoDraw = False
210.6609 	EXP 	grating: autoDraw = False
210.9986 	EXP 	New trial (rep=126, index=0): None
211.0003 	DATA 	Keypress: down
211.0128 	EXP 	fixation: autoDraw = False
211.0128 	EXP 	grating: autoDraw = False
211.0128 	EXP 	grating: ori = 0.0
211.0128 	EXP 	fixation: autoDraw = True
212.0094 	EXP 	fixation: autoDraw = False
212.0094 	EXP 	grating: autoDraw = True
212.3091 	EXP 	grating: autoDraw = False
212.6494 	EXP 	New trial (rep=127, index=0): None
212.6515 	DATA 	Keypress: up
212.6615 	EXP 	fixation: autoDraw = False
212.6615 	EXP 	grating: autoDraw = False
212.6615 	EXP 	grating: ori = -2.0
212.6615 	EXP 	fixation: autoDraw = True
213.6580 	EXP 	fixation: autoDraw = False
213.6580 	EXP 	grating: autoDraw = True
213.9578 	EXP 	grating: autoDraw = False
214.4458 	EXP 	New trial (rep=128, index=0): None
214.4476 	DATA 	Keypress: down
214.4599 	EXP 	fixation: autoDraw = False
214.4599 	EXP 	grating: autoDraw = False
214.4599 	EXP 	grating: ori = 0.0
214.4599 	EXP 	fixation: autoDraw = True
215.4563 	EXP 	fixation: autoDraw = False
215.4563 	EXP 	grating: autoDraw = True
215.7563 	EXP 	grating: autoDraw = False
216.0457 	EXP 	New trial (rep=129, index=0): None
216.0492 	DATA 	Keypress: up
216.0589 	EXP 	fixation: autoDraw = False
216.0589 	EXP 	grating: autoDraw = False
216.0589 	EXP 	grating: ori = 0.0
216.0589 	EXP 	fixation: autoDraw = True
217.0580 	EXP 	grating: autoDraw = True
217.0716 	EXP 	fixation: autoDraw = False
217.3714 	EXP 	grating: autoDraw = False
217.6267 	EXP 	New trial (rep=130, index=0): None
217.6294 	DATA 	Keypress: up
217.6404 	EXP 	fixation: autoDraw = False
217.6404 	EXP 	grating: autoDraw = False
217.6404 	EXP 	grating: ori = -3.0
217.6404 	EXP 	fixation: autoDraw = True
218.6367 	EXP 	fixation: autoDraw = False
218.6367 	EXP 	grating: autoDraw = True
218.9366 	EXP 	grating: autoDraw = False
219.2573 	EXP 	New trial (rep=131, index=0): None
219.2597 	DATA 	Keypress: down
219.2723 	EXP 	fixation: autoDraw = False
219.2723 	EXP 	grating: autoDraw = False
219.2723 	EXP 	grating: ori = 0.0
219.2723 	EXP 	fixation: autoDraw = True
220.2686 	EXP 	fixation: autoDraw = False
220.2686 	EXP 	grating: autoDraw = True
220.5684 	EXP 	grating: autoDraw = False
220.9229 	EXP 	New trial (rep=132, index=0): None
220.9258 	DATA 	Keypress: up
220.9379 	EXP 	fixation: autoDraw = False
220.9379 	EXP 	grating: autoDraw = False
220.9379 	EXP 	grating: ori = 0.0
220.9379 	EXP 	fixation: autoDraw = True
221.9369 	EXP 	grating: autoDraw = True
221.9508 	EXP 	fixation: autoDraw = False
222.2505 	EXP 	grating: autoDraw = False
223.0890 	EXP 	New trial (rep=133, index=0): None
223.0912 	DATA 	Keypress: up
223.1022 	EXP 	fixation: autoDraw = False
223.1022 	EXP 	grating: autoDraw = False
223.1022 	EXP 	grating: ori = 0.0
223.1022 	EXP 	fixation: autoDraw = True
224.0985 	EXP 	fixation: autoDraw = False
224.0985 	EXP 	grating: autoDraw = True
224.3980 	EXP 	grating: autoDraw = False
224.6210 	EXP 	New trial (rep=134, index=0): None
224.6231 	DATA 	Keypress: up
224.6343 	EXP 	fixation: autoDraw = False
224.6343 	EXP 	grating: autoDraw = False
224.6343 	EXP 	grating: ori = 0.0
224.6343 	EXP 	fixation: autoDraw = True
225.6308 	EXP 	fixation: autoDraw = False
225.6308 	EXP 	grating: autoDraw = True
225.9306 	EXP 	grating: autoDraw = False
226.2530 	EXP 	New trial (rep=135, index=0): None
226.2554 	DATA 	Keypress: up
226.2662 	EXP 	fixation: autoDraw = False
226.2662 	EXP 	grating: autoDraw = False
226.2662 	EXP 	grating: ori = 0.0
226.2662 	EXP 	fixation: autoDraw = True
227.2628 	EXP 	fixation: autoDraw = False
227.2628 	EXP 	grating: autoDraw = True
227.5624 	EXP 	grating: autoDraw = False
227.9356 	EXP 	New trial (rep=136, index=0): None
227.9377 	DATA 	Keypress: down
227.9477 	EXP 	fixation: autoDraw = False
227.9477 	EXP 	grating: autoDraw = False
227.9477 	EXP 	grating: ori = 0.0
227.9477 	EXP 	fixation: autoDraw = True
228.9448 	EXP 	fixation: autoDraw = False
228.9448 	EXP 	grating: autoDraw = True
229.2443 	EXP 	grating: autoDraw = False
229.8015 	EXP 	New trial (rep=137, index=0): None
229.8045 	DATA 	Keypress: up
229.8136 	EXP 	fixation: autoDraw = False
229.8136 	EXP 	grating: autoDraw = False
229.8136 	EXP 	grating: ori = 0.0
229.8136 	EXP 	fixation: autoDraw = True
230.8097 	EXP 	fixation: autoDraw = False
230.8097 	EXP 	grating: autoDraw = True
231.1091 	EXP 	grating: autoDraw = False
231.6312 	EXP 	New trial (rep=138, index=0): None
231.6336 	DATA 	Keypress: down
231.6450 	EXP 	fixation: autoDraw = False
231.6450 	EXP 	grating: autoDraw = False
231.6450 	EXP 	grating: ori = 0.0
231.6450 	EXP 	fixation: autoDraw = True
232.6416 	EXP 	fixation: autoDraw = False
232.6416 	EXP 	grating: autoDraw = True
232.9412 	EXP 	grating: autoDraw = False
233.5454 	EXP 	New trial (rep=139, index=0): None
233.5469 	DATA 	Keypress: up
233.5601 	EXP 	fixation: autoDraw = False
233.5601 	EXP 	grating: autoDraw = False
233.5601 	EXP 	grating: ori = 0.0
233.5601 	EXP 	fixation: autoDraw = True
234.5564 	EXP 	fixation: autoDraw = False
234.5564 	EXP 	grating: autoDraw = True
234.8561 	EXP 	grating: autoDraw = False
235.2085 	EXP 	New trial (rep=140, index=0): None
235.2113 	DATA 	Keypress: up
235.2252 	EXP 	fixation: autoDraw = False
235.2252 	EXP 	grating: autoDraw = False
235.2252 	EXP 	grating: ori = -1.0
235.2252 	EXP 	fixation: autoDraw = True
236.2082 	EXP 	grating: autoDraw = True
236.2214 	EXP 	fixation: autoDraw = False
236.5212 	EXP 	grating: autoDraw = False
236.7943 	EXP 	New trial (rep=141, index=0): None
236.7967 	DATA 	Keypress: up
236.8072 	EXP 	fixation: autoDraw = False
236.8072 	EXP 	grating: autoDraw = False
236.8072 	EXP 	grating: ori = 0.0
236.8072 	EXP 	fixation: autoDraw = True
237.8037 	EXP 	fixation: autoDraw = False
237.8037 	EXP 	grating: autoDraw = True
238.1034 	EXP 	grating: autoDraw = False
238.4429 	EXP 	New trial (rep=142, index=0): None
238.4447 	DATA 	Keypress: up
238.4557 	EXP 	fixation: autoDraw = False
238.4557 	EXP 	grating: autoDraw = False
238.4557 	EXP 	grating: ori = 0.0
238.4557 	EXP 	fixation: autoDraw = True
239.4522 	EXP 	fixation: autoDraw = False
239.4522 	EXP 	grating: autoDraw = True
239.7519 	EXP 	grating: autoDraw = False
240.5739 	EXP 	New trial (rep=143, index=0): None
240.5758 	DATA 	Keypress: down
240.5872 	EXP 	fixation: autoDraw = False
240.5872 	EXP 	grating: autoDraw = False
240.5872 	EXP 	grating: ori = 0.0
240.5872 	EXP 	fixation: autoDraw = True
241.5836 	EXP 	fixation: autoDraw = False
241.5836 	EXP 	grating: autoDraw = True
241.8832 	EXP 	grating: autoDraw = False
242.2386 	EXP 	New trial (rep=144, index=0): None
242.2405 	DATA 	Keypress: up
242.2524 	EXP 	fixation: autoDraw = False
242.2524 	EXP 	grating: autoDraw = False
242.2524 	EXP 	grating: ori = 0.0
242.2524 	EXP 	fixation: autoDraw = True
243.2487 	EXP 	fixation: autoDraw = False
243.2487 	EXP 	grating: autoDraw = True
243.5486 	EXP 	grating: autoDraw = False
243.8181 	DATA 	Keypress: up
243.8380 	EXP 	New trial (rep=145, index=0): None
243.8514 	EXP 	fixation: autoDraw = False
243.8514 	EXP 	grating: autoDraw = False
243.8514 	EXP 	grating: ori = 0.0
243.8514 	EXP 	fixation: autoDraw = True
244.8504 	EXP 	grating: autoDraw = True
244.8641 	EXP 	fixation: autoDraw = False
245.1638 	EXP 	grating: autoDraw = False
245.3029 	EXP 	New trial (rep=146, index=0): None
245.3049 	DATA 	Keypress: up
245.3163 	EXP 	fixation: autoDraw = False
245.3163 	EXP 	grating: autoDraw = False
245.3163 	EXP 	grating: ori = -1.0
245.3163 	EXP 	fixation: autoDraw = True
246.3129 	EXP 	fixation: autoDraw = False
246.3129 	EXP 	grating: autoDraw = True
246.6125 	EXP 	grating: autoDraw = False
246.7198 	EXP 	New trial (rep=147, index=0): None
246.7226 	DATA 	Keypress: up
246.7320 	EXP 	fixation: autoDraw = False
246.7320 	EXP 	grating: autoDraw = False
246.7320 	EXP 	grating: ori = -2.0
246.7320 	EXP 	fixation: autoDraw = True
247.7283 	EXP 	fixation: autoDraw = False
247.7283 	EXP 	grating: autoDraw = True
248.0279 	EXP 	grating: autoDraw = False
248.5845 	EXP 	New trial (rep=148, index=0): None
248.5872 	DATA 	Keypress: down
248.5971 	EXP 	fixation: autoDraw = False
248.5971 	EXP 	grating: autoDraw = False
248.5971 	EXP 	grating: ori = 0.0
248.5971 	EXP 	fixation: autoDraw = True
249.5964 	EXP 	grating: autoDraw = True
249.6100 	EXP 	fixation: autoDraw = False
249.9093 	EXP 	grating: autoDraw = False
250.2620 	DATA 	Keypress: up
250.2816 	EXP 	New trial (rep=149, index=0): None
250.2958 	EXP 	fixation: autoDraw = False
250.2958 	EXP 	grating: autoDraw = False
250.2958 	EXP 	grating: ori = 0.0
250.2958 	EXP 	fixation: autoDraw = True
251.2937 	EXP 	grating: autoDraw = True
251.3078 	EXP 	fixation: autoDraw = False
251.6081 	EXP 	grating: autoDraw = False
252.5625 	EXP 	New trial (rep=150, index=0): None
252.5643 	DATA 	Keypress: up
252.5770 	EXP 	fixation: autoDraw = False
252.5770 	EXP 	grating: autoDraw = False
252.5770 	EXP 	grating: ori = 0.0
252.5770 	EXP 	fixation: autoDraw = True
253.5772 	EXP 	grating: autoDraw = True
253.5895 	EXP 	fixation: autoDraw = False
253.8897 	EXP 	grating: autoDraw = False
254.2622 	EXP 	New trial (rep=151, index=0): None
254.2645 	DATA 	Keypress: up
254.2755 	EXP 	fixation: autoDraw = False
254.2755 	EXP 	grating: autoDraw = False
254.2755 	EXP 	grating: ori = 0.0
254.2755 	EXP 	fixation: autoDraw = True
255.2746 	EXP 	grating: autoDraw = True
255.2881 	EXP 	fixation: autoDraw = False
255.5882 	EXP 	grating: autoDraw = False
255.8954 	EXP 	New trial (rep=152, index=0): None
255.8981 	DATA 	Keypress: up
255.9073 	EXP 	fixation: autoDraw = False
255.9073 	EXP 	grating: autoDraw = False
255.9073 	EXP 	grating: ori = -3.0
255.9073 	EXP 	fixation: autoDraw = True
256.9035 	EXP 	fixation: autoDraw = False
256.9035 	EXP 	grating: autoDraw = True
257.2032 	EXP 	grating: autoDraw = False
257.5917 	EXP 	New trial (rep=153, index=0): None
257.5934 	DATA 	Keypress: down
257.6056 	EXP 	fixation: autoDraw = False
257.6056 	EXP 	grating: autoDraw = False
257.6056 	EXP 	grating: ori = 0.0
257.6056 	EXP 	fixation: autoDraw = True
258.6020 	EXP 	fixation: autoDraw = False
258.6020 	EXP 	grating: autoDraw = True
258.9017 	EXP 	grating: autoDraw = False
259.3418 	EXP 	New trial (rep=154, index=0): None
259.3436 	DATA 	Keypress: up
259.3543 	EXP 	fixation: autoDraw = False
259.3543 	EXP 	grating: autoDraw = False
259.3543 	EXP 	grating: ori = 0.0
259.3543 	EXP 	fixation: autoDraw = True
260.3506 	EXP 	fixation: autoDraw = False
260.3506 	EXP 	grating: autoDraw = True
260.6500 	EXP 	grating: autoDraw = False
261.0402 	EXP 	New trial (rep=155, index=0): None
261.0430 	DATA 	Keypress: up
261.0526 	EXP 	fixation: autoDraw = False
261.0526 	EXP 	grating: autoDraw = False
261.0526 	EXP 	grating: ori = 0.0
261.0526 	EXP 	fixation: autoDraw = True
262.0489 	EXP 	fixation: autoDraw = False
262.0489 	EXP 	grating: autoDraw = True
262.3487 	EXP 	grating: autoDraw = False
262.6368 	EXP 	New trial (rep=156, index=0): None
262.6385 	DATA 	Keypress: up
262.6517 	EXP 	fixation: autoDraw = False
262.6517 	EXP 	grating: autoDraw = False
262.6517 	EXP 	grating: ori = -1.0
262.6517 	EXP 	fixation: autoDraw = True
263.6502 	EXP 	grating: autoDraw = True
263.6642 	EXP 	fixation: autoDraw = False
263.9642 	EXP 	grating: autoDraw = False
264.3027 	EXP 	New trial (rep=157, index=0): None
264.3047 	DATA 	Keypress: up
264.3167 	EXP 	fixation: autoDraw = False
264.3167 	EXP 	grating: autoDraw = False
264.3167 	EXP 	grating: ori = 2.0
264.3167 	EXP 	fixation: autoDraw = True
265.3157 	EXP 	grating: autoDraw = True
265.3297 	EXP 	fixation: autoDraw = False
265.6293 	EXP 	grating: autoDraw = False
265.9685 	EXP 	New trial (rep=158, index=0): None
265.9709 	DATA 	Keypress: up
265.9820 	EXP 	fixation: autoDraw = False
265.9820 	EXP 	grating: autoDraw = False
265.9820 	EXP 	grating: ori = 0.0
265.9820 	EXP 	fixation: autoDraw = True
266.9814 	EXP 	grating: autoDraw = True
266.9948 	EXP 	fixation: autoDraw = False
267.2944 	EXP 	grating: autoDraw = False
267.5841 	EXP 	New trial (rep=159, index=0): None
267.5863 	DATA 	Keypress: up
267.5966 	EXP 	fixation: autoDraw = False
267.5966 	EXP 	grating: autoDraw = False
267.5966 	EXP 	grating: ori = 0.0
267.5966 	EXP 	fixation: autoDraw = True
268.5934 	EXP 	fixation: autoDraw = False
268.5934 	EXP 	grating: autoDraw = True
268.8929 	EXP 	grating: autoDraw = False
269.1670 	EXP 	New trial (rep=160, index=0): None
269.1702 	DATA 	Keypress: up
269.1792 	EXP 	fixation: autoDraw = False
269.1792 	EXP 	grating: autoDraw = False
269.1792 	EXP 	grating: ori = -1.0
269.1792 	EXP 	fixation: autoDraw = True
270.1755 	EXP 	fixation: autoDraw = False
270.1755 	EXP 	grating: autoDraw = True
270.4751 	EXP 	grating: autoDraw = False
270.8303 	EXP 	New trial (rep=161, index=0): None
270.8324 	DATA 	Keypress: up
270.8440 	EXP 	fixation: autoDraw = False
270.8440 	EXP 	grating: autoDraw = False
270.8440 	EXP 	grating: ori = 0.0
270.8440 	EXP 	fixation: autoDraw = True
271.8406 	EXP 	fixation: autoDraw = False
271.8406 	EXP 	grating: autoDraw = True
272.1401 	EXP 	grating: autoDraw = False
272.5620 	EXP 	New trial (rep=162, index=0): None
272.5636 	DATA 	Keypress: up
272.5767 	EXP 	fixation: autoDraw = False
272.5767 	EXP 	grating: autoDraw = False
272.5767 	EXP 	grating: ori = 0.0
272.5767 	EXP 	fixation: autoDraw = True
273.5753 	EXP 	grating: autoDraw = True
273.5888 	EXP 	fixation: autoDraw = False
273.8888 	EXP 	grating: autoDraw = False
274.2115 	EXP 	New trial (rep=163, index=0): None
274.2136 	DATA 	Keypress: up
274.2245 	EXP 	fixation: autoDraw = False
274.2245 	EXP 	grating: autoDraw = False
274.2245 	EXP 	grating: ori = 0.0
274.2245 	EXP 	fixation: autoDraw = True
275.2209 	EXP 	fixation: autoDraw = False
275.2209 	EXP 	grating: autoDraw = True
275.5204 	EXP 	grating: autoDraw = False
275.7423 	EXP 	New trial (rep=164, index=0): None
275.7440 	DATA 	Keypress: up
275.7566 	EXP 	fixation: autoDraw = False
275.7566 	EXP 	grating: autoDraw = False
275.7566 	EXP 	grating: ori = 0.0
275.7566 	EXP 	fixation: autoDraw = True
276.7531 	EXP 	fixation: autoDraw = False
276.7531 	EXP 	grating: autoDraw = True
277.0527 	EXP 	grating: autoDraw = False
277.4752 	EXP 	New trial (rep=165, index=0): None
277.4770 	DATA 	Keypress: up
277.4882 	EXP 	fixation: autoDraw = False
277.4882 	EXP 	grating: autoDraw = False
277.4882 	EXP 	grating: ori = 0.0
277.4882 	EXP 	fixation: autoDraw = True
278.4844 	EXP 	fixation: autoDraw = False
278.4844 	EXP 	grating: autoDraw = True
278.7846 	EXP 	grating: autoDraw = False
278.9067 	EXP 	New trial (rep=166, index=0): None
278.9083 	DATA 	Keypress: up
278.9204 	EXP 	fixation: autoDraw = False
278.9204 	EXP 	grating: autoDraw = False
278.9204 	EXP 	grating: ori = 0.0
278.9204 	EXP 	fixation: autoDraw = True
279.9171 	EXP 	fixation: autoDraw = False
279.9171 	EXP 	grating: autoDraw = True
280.2165 	EXP 	grating: autoDraw = False
280.5066 	EXP 	New trial (rep=167, index=0): None
280.5088 	DATA 	Keypress: down
280.5192 	EXP 	fixation: autoDraw = False
280.5192 	EXP 	grating: autoDraw = False
280.5192 	EXP 	grating: ori = 0.0
280.5192 	EXP 	fixation: autoDraw = True
281.5154 	EXP 	fixation: autoDraw = False
281.5154 	EXP 	grating: autoDraw = True
281.8152 	EXP 	grating: autoDraw = False
282.2721 	EXP 	New trial (rep=168, index=0): None
282.2746 	DATA 	Keypress: up
282.2844 	EXP 	fixation: autoDraw = False
282.2844 	EXP 	grating: autoDraw = False
282.2844 	EXP 	grating: ori = -4.0
282.2844 	EXP 	fixation: autoDraw = True
283.2806 	EXP 	fixation: autoDraw = False
283.2806 	EXP 	grating: autoDraw = True
283.5803 	EXP 	grating: autoDraw = False
283.9203 	EXP 	New trial (rep=169, index=0): None
283.9226 	DATA 	Keypress: down
283.9326 	EXP 	fixation: autoDraw = False
283.9326 	EXP 	grating: autoDraw = False
283.9326 	EXP 	grating: ori = 0.0
283.9326 	EXP 	fixation: autoDraw = True
284.9292 	EXP 	fixation: autoDraw = False
284.9292 	EXP 	grating: autoDraw = True
285.2289 	EXP 	grating: autoDraw = False
285.6848 	EXP 	New trial (rep=170, index=0): None
285.6867 	DATA 	Keypress: up
285.6979 	EXP 	fixation: autoDraw = False
285.6979 	EXP 	grating: autoDraw = False
285.6979 	EXP 	grating: ori = 3.0
285.6979 	EXP 	fixation: autoDraw = True
286.6972 	EXP 	grating: autoDraw = True
286.7107 	EXP 	fixation: autoDraw = False
287.0106 	EXP 	grating: autoDraw = False
287.2656 	EXP 	New trial (rep=171, index=0): None
287.2670 	DATA 	Keypress: down
287.2799 	EXP 	fixation: autoDraw = False
287.2799 	EXP 	grating: autoDraw = False
287.2799 	EXP 	grating: ori = 0.0
287.2799 	EXP 	fixation: autoDraw = True
288.2762 	EXP 	fixation: autoDraw = False
288.2762 	EXP 	grating: autoDraw = True
288.5760 	EXP 	grating: autoDraw = False
288.8661 	EXP 	New trial (rep=172, index=0): None
288.8687 	DATA 	Keypress: up
288.8787 	EXP 	fixation: autoDraw = False
288.8787 	EXP 	grating: autoDraw = False
288.8787 	EXP 	grating: ori = -1.0
288.8787 	EXP 	fixation: autoDraw = True
289.8750 	EXP 	fixation: autoDraw = False
289.8750 	EXP 	grating: autoDraw = True
290.1746 	EXP 	grating: autoDraw = False
290.6293 	EXP 	New trial (rep=173, index=0): None
290.6309 	DATA 	Keypress: up
290.6437 	EXP 	fixation: autoDraw = False
290.6437 	EXP 	grating: autoDraw = False
290.6437 	EXP 	grating: ori = 0.0
290.6437 	EXP 	fixation: autoDraw = True
291.6401 	EXP 	fixation: autoDraw = False
291.6401 	EXP 	grating: autoDraw = True
291.9396 	EXP 	grating: autoDraw = False
292.2127 	EXP 	New trial (rep=174, index=0): None
292.2147 	DATA 	Keypress: down
292.2258 	EXP 	fixation: autoDraw = False
292.2258 	EXP 	grating: autoDraw = False
292.2258 	EXP 	grating: ori = 0.0
292.2258 	EXP 	fixation: autoDraw = True
293.0617 	DATA 	Keypress: up
293.2221 	EXP 	fixation: autoDraw = False
293.2221 	EXP 	grating: autoDraw = True
293.5214 	EXP 	grating: autoDraw = False
293.9747 	EXP 	New trial (rep=175, index=0): None
293.9760 	DATA 	Keypress: up
293.9906 	EXP 	fixation: autoDraw = False
293.9906 	EXP 	grating: autoDraw = False
293.9906 	EXP 	grating: ori = 0.0
293.9906 	EXP 	fixation: autoDraw = True
294.9870 	EXP 	fixation: autoDraw = False
294.9870 	EXP 	grating: autoDraw = True
295.2868 	EXP 	grating: autoDraw = False
295.5091 	EXP 	New trial (rep=176, index=0): None
295.5112 	DATA 	Keypress: up
295.5227 	EXP 	fixation: autoDraw = False
295.5227 	EXP 	grating: autoDraw = False
295.5227 	EXP 	grating: ori = -3.0
295.5227 	EXP 	fixation: autoDraw = True
296.5189 	EXP 	fixation: autoDraw = False
296.5189 	EXP 	grating: autoDraw = True
296.8188 	EXP 	grating: autoDraw = False
297.2419 	EXP 	New trial (rep=177, index=0): None
297.2447 	DATA 	Keypress: down
297.2545 	EXP 	fixation: autoDraw = False
297.2545 	EXP 	grating: autoDraw = False
297.2545 	EXP 	grating: ori = 0.0
297.2545 	EXP 	fixation: autoDraw = True
298.2510 	EXP 	fixation: autoDraw = False
298.2510 	EXP 	grating: autoDraw = True
298.5507 	EXP 	grating: autoDraw = False
299.0882 	EXP 	New trial (rep=178, index=0): None
299.0898 	DATA 	Keypress: up
299.1029 	EXP 	fixation: autoDraw = False
299.1029 	EXP 	grating: autoDraw = False
299.1029 	EXP 	grating: ori = -5.0
299.1029 	EXP 	fixation: autoDraw = True
300.0994 	EXP 	fixation: autoDraw = False
300.0994 	EXP 	grating: autoDraw = True
300.3991 	EXP 	grating: autoDraw = False
300.7202 	EXP 	New trial (rep=179, index=0): None
300.7219 	DATA 	Keypress: down
300.7353 	EXP 	fixation: autoDraw = False
300.7353 	EXP 	grating: autoDraw = False
300.7353 	EXP 	grating: ori = 0.0
300.7353 	EXP 	fixation: autoDraw = True
301.7343 	EXP 	grating: autoDraw = True
301.7478 	EXP 	fixation: autoDraw = False
302.0476 	EXP 	grating: autoDraw = False
302.3548 	EXP 	New trial (rep=180, index=0): None
302.3568 	DATA 	Keypress: up
302.3668 	EXP 	fixation: autoDraw = False
302.3668 	EXP 	grating: autoDraw = False
302.3668 	EXP 	grating: ori = -3.0
302.3668 	EXP 	fixation: autoDraw = True
303.3631 	EXP 	fixation: autoDraw = False
303.3631 	EXP 	grating: autoDraw = True
303.6627 	EXP 	grating: autoDraw = False
303.9855 	EXP 	New trial (rep=181, index=0): None
303.9892 	DATA 	Keypress: down
303.9986 	EXP 	fixation: autoDraw = False
303.9986 	EXP 	grating: autoDraw = False
303.9986 	EXP 	grating: ori = 0.0
303.9986 	EXP 	fixation: autoDraw = True
304.9952 	EXP 	fixation: autoDraw = False
304.9952 	EXP 	grating: autoDraw = True
305.2945 	EXP 	grating: autoDraw = False
305.6492 	EXP 	New trial (rep=182, index=0): None
305.6509 	DATA 	Keypress: up
305.6636 	EXP 	fixation: autoDraw = False
305.6636 	EXP 	grating: autoDraw = False
305.6636 	EXP 	grating: ori = -2.0
305.6636 	EXP 	fixation: autoDraw = True
306.6603 	EXP 	fixation: autoDraw = False
306.6603 	EXP 	grating: autoDraw = True
306.9600 	EXP 	grating: autoDraw = False
307.1323 	EXP 	New trial (rep=183, index=0): None
307.1345 	DATA 	Keypress: up
307.1460 	EXP 	fixation: autoDraw = False
307.1460 	EXP 	grating: autoDraw = False
307.1460 	EXP 	grating: ori = 0.0
307.1460 	EXP 	fixation: autoDraw = True
308.1424 	EXP 	fixation: autoDraw = False
308.1424 	EXP 	grating: autoDraw = True
308.4421 	EXP 	grating: autoDraw = False
308.6983 	EXP 	New trial (rep=184, index=0): None
308.7001 	DATA 	Keypress: up
308.7113 	EXP 	fixation: autoDraw = False
308.7113 	EXP 	grating: autoDraw = False
308.7113 	EXP 	grating: ori = 0.0
308.7113 	EXP 	fixation: autoDraw = True
309.7076 	EXP 	fixation: autoDraw = False
309.7076 	EXP 	grating: autoDraw = True
310.0073 	EXP 	grating: autoDraw = False
310.3639 	EXP 	New trial (rep=185, index=0): None
310.3667 	DATA 	Keypress: up
310.3765 	EXP 	fixation: autoDraw = False
310.3765 	EXP 	grating: autoDraw = False
310.3765 	EXP 	grating: ori = -4.0
310.3765 	EXP 	fixation: autoDraw = True
311.3732 	EXP 	fixation: autoDraw = False
311.3732 	EXP 	grating: autoDraw = True
311.6727 	EXP 	grating: autoDraw = False
311.8917 	DATA 	Keypress: down
311.9116 	EXP 	New trial (rep=186, index=0): None
311.9249 	EXP 	fixation: autoDraw = False
311.9249 	EXP 	grating: autoDraw = False
311.9249 	EXP 	grating: ori = -2.0
311.9249 	EXP 	fixation: autoDraw = True
312.9216 	EXP 	fixation: autoDraw = False
312.9216 	EXP 	grating: autoDraw = True
313.2212 	EXP 	grating: autoDraw = False
313.7779 	EXP 	New trial (rep=187, index=0): None
313.7810 	DATA 	Keypress: up
313.7904 	EXP 	fixation: autoDraw = False
313.7904 	EXP 	grating: autoDraw = False
313.7904 	EXP 	grating: ori = -2.0
313.7904 	EXP 	fixation: autoDraw = True
314.7865 	EXP 	fixation: autoDraw = False
314.7865 	EXP 	grating: autoDraw = True
315.0861 	EXP 	grating: autoDraw = False
315.4552 	DATA 	Keypress: down
315.4766 	EXP 	New trial (rep=188, index=0): None
315.4887 	EXP 	fixation: autoDraw = False
315.4887 	EXP 	grating: autoDraw = False
315.4887 	EXP 	grating: ori = 0.0
315.4887 	EXP 	fixation: autoDraw = True
316.4850 	EXP 	fixation: autoDraw = False
316.4850 	EXP 	grating: autoDraw = True
316.7847 	EXP 	grating: autoDraw = False
316.9906 	EXP 	New trial (rep=189, index=0): None
316.9924 	DATA 	Keypress: up
317.0038 	EXP 	fixation: autoDraw = False
317.0038 	EXP 	grating: autoDraw = False
317.0038 	EXP 	grating: ori = -2.0
317.0038 	EXP 	fixation: autoDraw = True
318.0003 	EXP 	fixation: autoDraw = False
318.0003 	EXP 	grating: autoDraw = True
318.3000 	EXP 	grating: autoDraw = False
318.6397 	EXP 	New trial (rep=190, index=0): None
318.6419 	DATA 	Keypress: up
318.6523 	EXP 	fixation: autoDraw = False
318.6523 	EXP 	grating: autoDraw = False
318.6523 	EXP 	grating: ori = 0.0
318.6523 	EXP 	fixation: autoDraw = True
319.6489 	EXP 	fixation: autoDraw = False
319.6489 	EXP 	grating: autoDraw = True
319.9487 	EXP 	grating: autoDraw = False
320.4713 	EXP 	New trial (rep=191, index=0): None
320.4740 	DATA 	Keypress: up
320.4843 	EXP 	fixation: autoDraw = False
320.4843 	EXP 	grating: autoDraw = False
320.4843 	EXP 	grating: ori = 0.0
320.4843 	EXP 	fixation: autoDraw = True
321.4805 	EXP 	fixation: autoDraw = False
321.4805 	EXP 	grating: autoDraw = True
321.7802 	EXP 	grating: autoDraw = False
322.2202 	EXP 	New trial (rep=192, index=0): None
322.2232 	DATA 	Keypress: down
322.2328 	EXP 	fixation: autoDraw = False
322.2328 	EXP 	grating: autoDraw = False
322.2328 	EXP 	grating: ori = 0.0
322.2328 	EXP 	fixation: autoDraw = True
323.2287 	EXP 	fixation: autoDraw = False
323.2287 	EXP 	grating: autoDraw = True
323.5287 	EXP 	grating: autoDraw = False
323.9844 	EXP 	New trial (rep=193, index=0): None
323.9871 	DATA 	Keypress: up
323.9981 	EXP 	fixation: autoDraw = False
323.9981 	EXP 	grating: autoDraw = False
323.9981 	EXP 	grating: ori = 0.0
323.9981 	EXP 	fixation: autoDraw = True
324.9942 	EXP 	fixation: autoDraw = False
324.9942 	EXP 	grating: autoDraw = True
325.2937 	EXP 	grating: autoDraw = False
325.7632 	DATA 	Keypress: up
325.7836 	EXP 	New trial (rep=194, index=0): None
325.7965 	EXP 	fixation: autoDraw = False
325.7965 	EXP 	grating: autoDraw = False
325.7965 	EXP 	grating: ori = 0.0
325.7965 	EXP 	fixation: autoDraw = True
326.7927 	EXP 	fixation: autoDraw = False
326.7927 	EXP 	grating: autoDraw = True
327.0924 	EXP 	grating: autoDraw = False
327.3484 	EXP 	New trial (rep=195, index=0): None
327.3511 	DATA 	Keypress: up
327.3616 	EXP 	fixation: autoDraw = False
327.3616 	EXP 	grating: autoDraw = False
327.3616 	EXP 	grating: ori = 0.0
327.3616 	EXP 	fixation: autoDraw = True
328.3580 	EXP 	fixation: autoDraw = False
328.3580 	EXP 	grating: autoDraw = True
328.6578 	EXP 	grating: autoDraw = False
328.8459 	EXP 	New trial (rep=196, index=0): None
328.8485 	DATA 	Keypress: up
328.8604 	EXP 	fixation: autoDraw = False
328.8604 	EXP 	grating: autoDraw = False
328.8604 	EXP 	grating: ori = 2.0
328.8604 	EXP 	fixation: autoDraw = True
329.8594 	EXP 	grating: autoDraw = True
329.8735 	EXP 	fixation: autoDraw = False
330.1730 	EXP 	grating: autoDraw = False
330.6137 	EXP 	New trial (rep=197, index=0): None
330.6171 	DATA 	Keypress: down
330.6254 	EXP 	fixation: autoDraw = False
330.6254 	EXP 	grating: autoDraw = False
330.6254 	EXP 	grating: ori = 0.0
330.6254 	EXP 	fixation: autoDraw = True
331.6220 	EXP 	fixation: autoDraw = False
331.6220 	EXP 	grating: autoDraw = True
331.9214 	EXP 	grating: autoDraw = False
332.3745 	DATA 	Keypress: up
332.3919 	EXP 	New trial (rep=198, index=0): None
332.4073 	EXP 	fixation: autoDraw = False
332.4073 	EXP 	grating: autoDraw = False
332.4073 	EXP 	grating: ori = -3.0
332.4073 	EXP 	fixation: autoDraw = True
333.4036 	EXP 	fixation: autoDraw = False
333.4036 	EXP 	grating: autoDraw = True
333.7033 	EXP 	grating: autoDraw = False
334.0434 	EXP 	New trial (rep=199, index=0): None
334.0463 	DATA 	Keypress: down
334.0562 	EXP 	fixation: autoDraw = False
334.0562 	EXP 	grating: autoDraw = False
334.0562 	EXP 	grating: ori = 0.0
334.0562 	EXP 	fixation: autoDraw = True
335.0550 	EXP 	grating: autoDraw = True
335.0688 	EXP 	fixation: autoDraw = False
335.3686 	EXP 	grating: autoDraw = False
336.0570 	DATA 	Keypress: up
336.0678 	EXP 	fixation: autoDraw = False
336.0678 	EXP 	grating: autoDraw = False
336.0680 	EXP 	signal detection final- tutorial 2: status = STOPPED
336.2378 	EXP 	window1: mouseVisible = True
